{"D:\\workspace\\test-case\\efishery\\efishery-test\\wrapper\\http.js": {"path":"D:\\workspace\\test-case\\efishery\\efishery-test\\wrapper\\http.js","statementMap":{"0":{"start":{"line":2,"column":0},"end":{"line":2,"column":9}},"1":{"start":{"line":3,"column":15},"end":{"line":3,"column":34}},"2":{"start":{"line":6,"column":12},"end":{"line":8,"column":2}}},"fnMap":{},"branchMap":{},"s":{"0":1,"1":1,"2":1},"f":{},"b":{},"_coverageSchema":"1a1c01bbd47fc00a2c39e90264f33305004495a9","hash":"ccf215cea9dd1e06720015d69b35feafdb702b6a"}
,"D:\\workspace\\test-case\\efishery\\efishery-test\\wrapper\\index.js": {"path":"D:\\workspace\\test-case\\efishery\\efishery-test\\wrapper\\index.js","statementMap":{"0":{"start":{"line":5,"column":19},"end":{"line":10,"column":1}},"1":{"start":{"line":6,"column":19},"end":{"line":8,"column":4}},"2":{"start":{"line":7,"column":4},"end":{"line":7,"column":50}},"3":{"start":{"line":9,"column":2},"end":{"line":9,"column":14}},"4":{"start":{"line":11,"column":22},"end":{"line":16,"column":1}},"5":{"start":{"line":12,"column":19},"end":{"line":14,"column":4}},"6":{"start":{"line":13,"column":4},"end":{"line":13,"column":50}},"7":{"start":{"line":15,"column":2},"end":{"line":15,"column":14}},"8":{"start":{"line":17,"column":22},"end":{"line":22,"column":1}},"9":{"start":{"line":18,"column":19},"end":{"line":20,"column":4}},"10":{"start":{"line":19,"column":4},"end":{"line":19,"column":50}},"11":{"start":{"line":21,"column":2},"end":{"line":21,"column":14}},"12":{"start":{"line":23,"column":22},"end":{"line":52,"column":1}},"13":{"start":{"line":24,"column":19},"end":{"line":26,"column":4}},"14":{"start":{"line":25,"column":4},"end":{"line":25,"column":50}},"15":{"start":{"line":27,"column":2},"end":{"line":50,"column":3}},"16":{"start":{"line":28,"column":20},"end":{"line":34,"column":6}},"17":{"start":{"line":29,"column":22},"end":{"line":29,"column":42}},"18":{"start":{"line":30,"column":6},"end":{"line":30,"column":58}},"19":{"start":{"line":31,"column":6},"end":{"line":33,"column":7}},"20":{"start":{"line":32,"column":8},"end":{"line":32,"column":17}},"21":{"start":{"line":35,"column":4},"end":{"line":35,"column":19}},"22":{"start":{"line":36,"column":9},"end":{"line":50,"column":3}},"23":{"start":{"line":37,"column":20},"end":{"line":41,"column":6}},"24":{"start":{"line":38,"column":6},"end":{"line":40,"column":7}},"25":{"start":{"line":39,"column":8},"end":{"line":39,"column":17}},"26":{"start":{"line":42,"column":4},"end":{"line":42,"column":19}},"27":{"start":{"line":43,"column":9},"end":{"line":50,"column":3}},"28":{"start":{"line":44,"column":20},"end":{"line":48,"column":6}},"29":{"start":{"line":45,"column":6},"end":{"line":47,"column":7}},"30":{"start":{"line":46,"column":8},"end":{"line":46,"column":17}},"31":{"start":{"line":49,"column":4},"end":{"line":49,"column":19}},"32":{"start":{"line":51,"column":2},"end":{"line":51,"column":14}},"33":{"start":{"line":53,"column":16},"end":{"line":59,"column":1}},"34":{"start":{"line":54,"column":18},"end":{"line":54,"column":54}},"35":{"start":{"line":55,"column":19},"end":{"line":57,"column":4}},"36":{"start":{"line":56,"column":4},"end":{"line":56,"column":50}},"37":{"start":{"line":58,"column":2},"end":{"line":58,"column":14}},"38":{"start":{"line":60,"column":18},"end":{"line":66,"column":1}},"39":{"start":{"line":61,"column":18},"end":{"line":61,"column":86}},"40":{"start":{"line":62,"column":19},"end":{"line":64,"column":4}},"41":{"start":{"line":63,"column":4},"end":{"line":63,"column":50}},"42":{"start":{"line":65,"column":2},"end":{"line":65,"column":14}},"43":{"start":{"line":67,"column":22},"end":{"line":73,"column":1}},"44":{"start":{"line":68,"column":18},"end":{"line":68,"column":65}},"45":{"start":{"line":69,"column":19},"end":{"line":71,"column":4}},"46":{"start":{"line":70,"column":4},"end":{"line":70,"column":50}},"47":{"start":{"line":72,"column":2},"end":{"line":72,"column":14}},"48":{"start":{"line":74,"column":16},"end":{"line":88,"column":1}},"49":{"start":{"line":75,"column":15},"end":{"line":75,"column":25}},"50":{"start":{"line":76,"column":19},"end":{"line":83,"column":3}},"51":{"start":{"line":84,"column":19},"end":{"line":86,"column":4}},"52":{"start":{"line":85,"column":4},"end":{"line":85,"column":50}},"53":{"start":{"line":87,"column":2},"end":{"line":87,"column":14}},"54":{"start":{"line":89,"column":19},"end":{"line":94,"column":1}},"55":{"start":{"line":90,"column":19},"end":{"line":92,"column":4}},"56":{"start":{"line":91,"column":4},"end":{"line":91,"column":50}},"57":{"start":{"line":93,"column":2},"end":{"line":93,"column":14}},"58":{"start":{"line":95,"column":23},"end":{"line":102,"column":1}},"59":{"start":{"line":96,"column":18},"end":{"line":96,"column":41}},"60":{"start":{"line":97,"column":2},"end":{"line":97,"column":23}},"61":{"start":{"line":98,"column":19},"end":{"line":100,"column":4}},"62":{"start":{"line":99,"column":4},"end":{"line":99,"column":50}},"63":{"start":{"line":101,"column":2},"end":{"line":101,"column":14}},"64":{"start":{"line":103,"column":32},"end":{"line":108,"column":1}},"65":{"start":{"line":104,"column":19},"end":{"line":106,"column":4}},"66":{"start":{"line":105,"column":4},"end":{"line":105,"column":50}},"67":{"start":{"line":107,"column":2},"end":{"line":107,"column":44}},"68":{"start":{"line":109,"column":20},"end":{"line":114,"column":1}},"69":{"start":{"line":110,"column":19},"end":{"line":112,"column":4}},"70":{"start":{"line":111,"column":4},"end":{"line":111,"column":50}},"71":{"start":{"line":113,"column":2},"end":{"line":113,"column":42}},"72":{"start":{"line":115,"column":20},"end":{"line":121,"column":1}},"73":{"start":{"line":116,"column":19},"end":{"line":118,"column":4}},"74":{"start":{"line":117,"column":4},"end":{"line":117,"column":50}},"75":{"start":{"line":120,"column":2},"end":{"line":120,"column":50}}},"fnMap":{"0":{"name":"(anonymous_0)","decl":{"start":{"line":5,"column":19},"end":{"line":5,"column":20}},"loc":{"start":{"line":5,"column":31},"end":{"line":10,"column":1}},"line":5},"1":{"name":"(anonymous_1)","decl":{"start":{"line":6,"column":49},"end":{"line":6,"column":50}},"loc":{"start":{"line":6,"column":54},"end":{"line":8,"column":3}},"line":6},"2":{"name":"(anonymous_2)","decl":{"start":{"line":11,"column":22},"end":{"line":11,"column":23}},"loc":{"start":{"line":11,"column":34},"end":{"line":16,"column":1}},"line":11},"3":{"name":"(anonymous_3)","decl":{"start":{"line":12,"column":56},"end":{"line":12,"column":57}},"loc":{"start":{"line":12,"column":61},"end":{"line":14,"column":3}},"line":12},"4":{"name":"(anonymous_4)","decl":{"start":{"line":17,"column":22},"end":{"line":17,"column":23}},"loc":{"start":{"line":17,"column":34},"end":{"line":22,"column":1}},"line":17},"5":{"name":"(anonymous_5)","decl":{"start":{"line":18,"column":56},"end":{"line":18,"column":57}},"loc":{"start":{"line":18,"column":61},"end":{"line":20,"column":3}},"line":18},"6":{"name":"(anonymous_6)","decl":{"start":{"line":23,"column":22},"end":{"line":23,"column":23}},"loc":{"start":{"line":23,"column":41},"end":{"line":52,"column":1}},"line":23},"7":{"name":"(anonymous_7)","decl":{"start":{"line":24,"column":49},"end":{"line":24,"column":50}},"loc":{"start":{"line":24,"column":54},"end":{"line":26,"column":3}},"line":24},"8":{"name":"(anonymous_8)","decl":{"start":{"line":28,"column":32},"end":{"line":28,"column":33}},"loc":{"start":{"line":28,"column":39},"end":{"line":34,"column":5}},"line":28},"9":{"name":"(anonymous_9)","decl":{"start":{"line":37,"column":32},"end":{"line":37,"column":33}},"loc":{"start":{"line":37,"column":39},"end":{"line":41,"column":5}},"line":37},"10":{"name":"(anonymous_10)","decl":{"start":{"line":44,"column":32},"end":{"line":44,"column":33}},"loc":{"start":{"line":44,"column":39},"end":{"line":48,"column":5}},"line":44},"11":{"name":"(anonymous_11)","decl":{"start":{"line":53,"column":16},"end":{"line":53,"column":17}},"loc":{"start":{"line":53,"column":32},"end":{"line":59,"column":1}},"line":53},"12":{"name":"(anonymous_12)","decl":{"start":{"line":55,"column":68},"end":{"line":55,"column":69}},"loc":{"start":{"line":55,"column":73},"end":{"line":57,"column":3}},"line":55},"13":{"name":"(anonymous_13)","decl":{"start":{"line":60,"column":18},"end":{"line":60,"column":19}},"loc":{"start":{"line":60,"column":46},"end":{"line":66,"column":1}},"line":60},"14":{"name":"(anonymous_14)","decl":{"start":{"line":62,"column":68},"end":{"line":62,"column":69}},"loc":{"start":{"line":62,"column":73},"end":{"line":64,"column":3}},"line":62},"15":{"name":"(anonymous_15)","decl":{"start":{"line":67,"column":22},"end":{"line":67,"column":23}},"loc":{"start":{"line":67,"column":44},"end":{"line":73,"column":1}},"line":67},"16":{"name":"(anonymous_16)","decl":{"start":{"line":69,"column":68},"end":{"line":69,"column":69}},"loc":{"start":{"line":69,"column":73},"end":{"line":71,"column":3}},"line":69},"17":{"name":"(anonymous_17)","decl":{"start":{"line":74,"column":16},"end":{"line":74,"column":17}},"loc":{"start":{"line":74,"column":35},"end":{"line":88,"column":1}},"line":74},"18":{"name":"(anonymous_18)","decl":{"start":{"line":84,"column":60},"end":{"line":84,"column":61}},"loc":{"start":{"line":84,"column":65},"end":{"line":86,"column":3}},"line":84},"19":{"name":"(anonymous_19)","decl":{"start":{"line":89,"column":19},"end":{"line":89,"column":20}},"loc":{"start":{"line":89,"column":38},"end":{"line":94,"column":1}},"line":89},"20":{"name":"(anonymous_20)","decl":{"start":{"line":90,"column":74},"end":{"line":90,"column":75}},"loc":{"start":{"line":90,"column":79},"end":{"line":92,"column":3}},"line":90},"21":{"name":"(anonymous_21)","decl":{"start":{"line":95,"column":23},"end":{"line":95,"column":24}},"loc":{"start":{"line":95,"column":39},"end":{"line":102,"column":1}},"line":95},"22":{"name":"(anonymous_22)","decl":{"start":{"line":98,"column":69},"end":{"line":98,"column":70}},"loc":{"start":{"line":98,"column":74},"end":{"line":100,"column":3}},"line":98},"23":{"name":"(anonymous_23)","decl":{"start":{"line":103,"column":32},"end":{"line":103,"column":33}},"loc":{"start":{"line":103,"column":44},"end":{"line":108,"column":1}},"line":103},"24":{"name":"(anonymous_24)","decl":{"start":{"line":104,"column":49},"end":{"line":104,"column":50}},"loc":{"start":{"line":104,"column":54},"end":{"line":106,"column":3}},"line":104},"25":{"name":"(anonymous_25)","decl":{"start":{"line":109,"column":20},"end":{"line":109,"column":21}},"loc":{"start":{"line":109,"column":32},"end":{"line":114,"column":1}},"line":109},"26":{"name":"(anonymous_26)","decl":{"start":{"line":110,"column":49},"end":{"line":110,"column":50}},"loc":{"start":{"line":110,"column":54},"end":{"line":112,"column":3}},"line":110},"27":{"name":"(anonymous_27)","decl":{"start":{"line":115,"column":20},"end":{"line":115,"column":21}},"loc":{"start":{"line":115,"column":32},"end":{"line":121,"column":1}},"line":115},"28":{"name":"(anonymous_28)","decl":{"start":{"line":116,"column":49},"end":{"line":116,"column":50}},"loc":{"start":{"line":116,"column":54},"end":{"line":118,"column":3}},"line":116}},"branchMap":{"0":{"loc":{"start":{"line":7,"column":26},"end":{"line":7,"column":48}},"type":"binary-expr","locations":[{"start":{"line":7,"column":26},"end":{"line":7,"column":43}},{"start":{"line":7,"column":47},"end":{"line":7,"column":48}}],"line":7},"1":{"loc":{"start":{"line":13,"column":26},"end":{"line":13,"column":48}},"type":"binary-expr","locations":[{"start":{"line":13,"column":26},"end":{"line":13,"column":43}},{"start":{"line":13,"column":47},"end":{"line":13,"column":48}}],"line":13},"2":{"loc":{"start":{"line":19,"column":26},"end":{"line":19,"column":48}},"type":"binary-expr","locations":[{"start":{"line":19,"column":26},"end":{"line":19,"column":43}},{"start":{"line":19,"column":47},"end":{"line":19,"column":48}}],"line":19},"3":{"loc":{"start":{"line":25,"column":26},"end":{"line":25,"column":48}},"type":"binary-expr","locations":[{"start":{"line":25,"column":26},"end":{"line":25,"column":43}},{"start":{"line":25,"column":47},"end":{"line":25,"column":48}}],"line":25},"4":{"loc":{"start":{"line":27,"column":2},"end":{"line":50,"column":3}},"type":"if","locations":[{"start":{"line":27,"column":2},"end":{"line":50,"column":3}},{"start":{"line":36,"column":9},"end":{"line":50,"column":3}}],"line":27},"5":{"loc":{"start":{"line":31,"column":6},"end":{"line":33,"column":7}},"type":"if","locations":[{"start":{"line":31,"column":6},"end":{"line":33,"column":7}},{"start":{},"end":{}}],"line":31},"6":{"loc":{"start":{"line":31,"column":10},"end":{"line":31,"column":112}},"type":"binary-expr","locations":[{"start":{"line":31,"column":10},"end":{"line":31,"column":67}},{"start":{"line":31,"column":71},"end":{"line":31,"column":112}}],"line":31},"7":{"loc":{"start":{"line":36,"column":9},"end":{"line":50,"column":3}},"type":"if","locations":[{"start":{"line":36,"column":9},"end":{"line":50,"column":3}},{"start":{"line":43,"column":9},"end":{"line":50,"column":3}}],"line":36},"8":{"loc":{"start":{"line":38,"column":6},"end":{"line":40,"column":7}},"type":"if","locations":[{"start":{"line":38,"column":6},"end":{"line":40,"column":7}},{"start":{},"end":{}}],"line":38},"9":{"loc":{"start":{"line":38,"column":10},"end":{"line":38,"column":95}},"type":"binary-expr","locations":[{"start":{"line":38,"column":10},"end":{"line":38,"column":52}},{"start":{"line":38,"column":56},"end":{"line":38,"column":95}}],"line":38},"10":{"loc":{"start":{"line":43,"column":9},"end":{"line":50,"column":3}},"type":"if","locations":[{"start":{"line":43,"column":9},"end":{"line":50,"column":3}},{"start":{},"end":{}}],"line":43},"11":{"loc":{"start":{"line":45,"column":6},"end":{"line":47,"column":7}},"type":"if","locations":[{"start":{"line":45,"column":6},"end":{"line":47,"column":7}},{"start":{},"end":{}}],"line":45},"12":{"loc":{"start":{"line":45,"column":10},"end":{"line":45,"column":97}},"type":"binary-expr","locations":[{"start":{"line":45,"column":10},"end":{"line":45,"column":53}},{"start":{"line":45,"column":57},"end":{"line":45,"column":97}}],"line":45},"13":{"loc":{"start":{"line":56,"column":26},"end":{"line":56,"column":48}},"type":"binary-expr","locations":[{"start":{"line":56,"column":26},"end":{"line":56,"column":43}},{"start":{"line":56,"column":47},"end":{"line":56,"column":48}}],"line":56},"14":{"loc":{"start":{"line":63,"column":26},"end":{"line":63,"column":48}},"type":"binary-expr","locations":[{"start":{"line":63,"column":26},"end":{"line":63,"column":43}},{"start":{"line":63,"column":47},"end":{"line":63,"column":48}}],"line":63},"15":{"loc":{"start":{"line":70,"column":26},"end":{"line":70,"column":48}},"type":"binary-expr","locations":[{"start":{"line":70,"column":26},"end":{"line":70,"column":43}},{"start":{"line":70,"column":47},"end":{"line":70,"column":48}}],"line":70},"16":{"loc":{"start":{"line":85,"column":26},"end":{"line":85,"column":48}},"type":"binary-expr","locations":[{"start":{"line":85,"column":26},"end":{"line":85,"column":43}},{"start":{"line":85,"column":47},"end":{"line":85,"column":48}}],"line":85},"17":{"loc":{"start":{"line":91,"column":26},"end":{"line":91,"column":48}},"type":"binary-expr","locations":[{"start":{"line":91,"column":26},"end":{"line":91,"column":43}},{"start":{"line":91,"column":47},"end":{"line":91,"column":48}}],"line":91},"18":{"loc":{"start":{"line":99,"column":26},"end":{"line":99,"column":48}},"type":"binary-expr","locations":[{"start":{"line":99,"column":26},"end":{"line":99,"column":43}},{"start":{"line":99,"column":47},"end":{"line":99,"column":48}}],"line":99},"19":{"loc":{"start":{"line":105,"column":26},"end":{"line":105,"column":48}},"type":"binary-expr","locations":[{"start":{"line":105,"column":26},"end":{"line":105,"column":43}},{"start":{"line":105,"column":47},"end":{"line":105,"column":48}}],"line":105},"20":{"loc":{"start":{"line":111,"column":26},"end":{"line":111,"column":48}},"type":"binary-expr","locations":[{"start":{"line":111,"column":26},"end":{"line":111,"column":43}},{"start":{"line":111,"column":47},"end":{"line":111,"column":48}}],"line":111},"21":{"loc":{"start":{"line":117,"column":26},"end":{"line":117,"column":48}},"type":"binary-expr","locations":[{"start":{"line":117,"column":26},"end":{"line":117,"column":43}},{"start":{"line":117,"column":47},"end":{"line":117,"column":48}}],"line":117}},"s":{"0":1,"1":1,"2":0,"3":1,"4":1,"5":0,"6":0,"7":0,"8":1,"9":0,"10":0,"11":0,"12":1,"13":2,"14":0,"15":2,"16":1,"17":219,"18":219,"19":219,"20":0,"21":1,"22":1,"23":1,"24":219,"25":0,"26":1,"27":0,"28":0,"29":0,"30":0,"31":0,"32":0,"33":1,"34":1,"35":1,"36":0,"37":1,"38":1,"39":1,"40":1,"41":0,"42":1,"43":1,"44":1,"45":1,"46":0,"47":1,"48":1,"49":0,"50":0,"51":0,"52":0,"53":0,"54":1,"55":0,"56":0,"57":0,"58":1,"59":0,"60":0,"61":0,"62":0,"63":0,"64":1,"65":1,"66":0,"67":1,"68":1,"69":1,"70":0,"71":1,"72":1,"73":1,"74":0,"75":1},"f":{"0":1,"1":0,"2":0,"3":0,"4":0,"5":0,"6":2,"7":0,"8":219,"9":219,"10":0,"11":1,"12":0,"13":1,"14":0,"15":1,"16":0,"17":0,"18":0,"19":0,"20":0,"21":0,"22":0,"23":1,"24":0,"25":1,"26":0,"27":1,"28":0},"b":{"0":[0,0],"1":[0,0],"2":[0,0],"3":[0,0],"4":[1,1],"5":[0,219],"6":[219,0],"7":[1,0],"8":[0,219],"9":[219,0],"10":[0,0],"11":[0,0],"12":[0,0],"13":[0,0],"14":[0,0],"15":[0,0],"16":[0,0],"17":[0,0],"18":[0,0],"19":[0,0],"20":[0,0],"21":[0,0]},"_coverageSchema":"1a1c01bbd47fc00a2c39e90264f33305004495a9","hash":"3515d765d5d93d6b256b91ed962555f49d3bf16f"}
,"D:\\workspace\\test-case\\efishery\\efishery-test\\wrapper\\controllers\\statistic-controlller.js": {"path":"D:\\workspace\\test-case\\efishery\\efishery-test\\wrapper\\controllers\\statistic-controlller.js","statementMap":{"0":{"start":{"line":3,"column":27},"end":{"line":17,"column":1}},"1":{"start":{"line":4,"column":16},"end":{"line":4,"column":18}},"2":{"start":{"line":5,"column":2},"end":{"line":12,"column":5}},"3":{"start":{"line":6,"column":4},"end":{"line":10,"column":5}},"4":{"start":{"line":7,"column":6},"end":{"line":9,"column":7}},"5":{"start":{"line":11,"column":4},"end":{"line":11,"column":46}},"6":{"start":{"line":13,"column":19},"end":{"line":15,"column":3}},"7":{"start":{"line":14,"column":48},"end":{"line":14,"column":81}},"8":{"start":{"line":16,"column":2},"end":{"line":16,"column":18}},"9":{"start":{"line":18,"column":25},"end":{"line":48,"column":1}},"10":{"start":{"line":19,"column":16},"end":{"line":19,"column":18}},"11":{"start":{"line":20,"column":2},"end":{"line":46,"column":5}},"12":{"start":{"line":21,"column":4},"end":{"line":45,"column":5}},"13":{"start":{"line":22,"column":19},"end":{"line":22,"column":44}},"14":{"start":{"line":24,"column":22},"end":{"line":24,"column":80}},"15":{"start":{"line":25,"column":6},"end":{"line":25,"column":37}},"16":{"start":{"line":26,"column":23},"end":{"line":26,"column":77}},"17":{"start":{"line":27,"column":6},"end":{"line":27,"column":33}},"18":{"start":{"line":28,"column":24},"end":{"line":28,"column":59}},"19":{"start":{"line":29,"column":6},"end":{"line":35,"column":7}},"20":{"start":{"line":30,"column":8},"end":{"line":34,"column":9}},"21":{"start":{"line":36,"column":6},"end":{"line":44,"column":7}},"22":{"start":{"line":37,"column":36},"end":{"line":39,"column":10}},"23":{"start":{"line":38,"column":10},"end":{"line":38,"column":144}},"24":{"start":{"line":40,"column":8},"end":{"line":42,"column":11}},"25":{"start":{"line":41,"column":12},"end":{"line":41,"column":37}},"26":{"start":{"line":43,"column":8},"end":{"line":43,"column":111}},"27":{"start":{"line":47,"column":2},"end":{"line":47,"column":17}}},"fnMap":{"0":{"name":"(anonymous_0)","decl":{"start":{"line":3,"column":27},"end":{"line":3,"column":28}},"loc":{"start":{"line":3,"column":37},"end":{"line":17,"column":1}},"line":3},"1":{"name":"(anonymous_1)","decl":{"start":{"line":5,"column":15},"end":{"line":5,"column":16}},"loc":{"start":{"line":5,"column":25},"end":{"line":12,"column":3}},"line":5},"2":{"name":"(anonymous_2)","decl":{"start":{"line":14,"column":33},"end":{"line":14,"column":34}},"loc":{"start":{"line":14,"column":48},"end":{"line":14,"column":81}},"line":14},"3":{"name":"(anonymous_3)","decl":{"start":{"line":18,"column":25},"end":{"line":18,"column":26}},"loc":{"start":{"line":18,"column":35},"end":{"line":48,"column":1}},"line":18},"4":{"name":"(anonymous_4)","decl":{"start":{"line":20,"column":15},"end":{"line":20,"column":16}},"loc":{"start":{"line":20,"column":25},"end":{"line":46,"column":3}},"line":20},"5":{"name":"(anonymous_5)","decl":{"start":{"line":37,"column":48},"end":{"line":37,"column":49}},"loc":{"start":{"line":37,"column":55},"end":{"line":39,"column":9}},"line":37},"6":{"name":"(anonymous_6)","decl":{"start":{"line":40,"column":33},"end":{"line":40,"column":34}},"loc":{"start":{"line":40,"column":43},"end":{"line":42,"column":9}},"line":40}},"branchMap":{"0":{"loc":{"start":{"line":6,"column":4},"end":{"line":10,"column":5}},"type":"if","locations":[{"start":{"line":6,"column":4},"end":{"line":10,"column":5}},{"start":{},"end":{}}],"line":6},"1":{"loc":{"start":{"line":21,"column":4},"end":{"line":45,"column":5}},"type":"if","locations":[{"start":{"line":21,"column":4},"end":{"line":45,"column":5}},{"start":{},"end":{}}],"line":21},"2":{"loc":{"start":{"line":29,"column":6},"end":{"line":35,"column":7}},"type":"if","locations":[{"start":{"line":29,"column":6},"end":{"line":35,"column":7}},{"start":{},"end":{}}],"line":29},"3":{"loc":{"start":{"line":36,"column":6},"end":{"line":44,"column":7}},"type":"if","locations":[{"start":{"line":36,"column":6},"end":{"line":44,"column":7}},{"start":{},"end":{}}],"line":36},"4":{"loc":{"start":{"line":38,"column":17},"end":{"line":38,"column":144}},"type":"binary-expr","locations":[{"start":{"line":38,"column":17},"end":{"line":38,"column":37}},{"start":{"line":38,"column":41},"end":{"line":38,"column":71}},{"start":{"line":38,"column":75},"end":{"line":38,"column":108}},{"start":{"line":38,"column":112},"end":{"line":38,"column":144}}],"line":38}},"s":{"0":1,"1":1,"2":1,"3":219,"4":9,"5":219,"6":1,"7":19,"8":1,"9":1,"10":1,"11":1,"12":219,"13":208,"14":208,"15":208,"16":208,"17":208,"18":208,"19":208,"20":23,"21":208,"22":122,"23":26718,"24":122,"25":116,"26":122,"27":1},"f":{"0":1,"1":219,"2":19,"3":1,"4":219,"5":26718,"6":116},"b":{"0":[9,210],"1":[208,11],"2":[23,185],"3":[122,86],"4":[26718,25376,3305,1749]},"_coverageSchema":"1a1c01bbd47fc00a2c39e90264f33305004495a9","hash":"a925ffd30c5e03acb4987e5e09d9c31299ea8f78"}
}
