TN:
SF:wrapper\http.js
FNF:0
FNH:0
DA:2,1
DA:3,1
DA:6,1
LF:3
LH:3
BRF:0
BRH:0
end_of_record
TN:
SF:wrapper\index.js
FN:5,(anonymous_0)
FN:6,(anonymous_1)
FN:11,(anonymous_2)
FN:12,(anonymous_3)
FN:17,(anonymous_4)
FN:18,(anonymous_5)
FN:23,(anonymous_6)
FN:24,(anonymous_7)
FN:28,(anonymous_8)
FN:37,(anonymous_9)
FN:44,(anonymous_10)
FN:53,(anonymous_11)
FN:55,(anonymous_12)
FN:60,(anonymous_13)
FN:62,(anonymous_14)
FN:67,(anonymous_15)
FN:69,(anonymous_16)
FN:74,(anonymous_17)
FN:84,(anonymous_18)
FN:89,(anonymous_19)
FN:90,(anonymous_20)
FN:95,(anonymous_21)
FN:98,(anonymous_22)
FN:103,(anonymous_23)
FN:104,(anonymous_24)
FN:109,(anonymous_25)
FN:110,(anonymous_26)
FN:115,(anonymous_27)
FN:116,(anonymous_28)
FNF:29
FNH:10
FNDA:1,(anonymous_0)
FNDA:0,(anonymous_1)
FNDA:0,(anonymous_2)
FNDA:0,(anonymous_3)
FNDA:0,(anonymous_4)
FNDA:0,(anonymous_5)
FNDA:2,(anonymous_6)
FNDA:0,(anonymous_7)
FNDA:219,(anonymous_8)
FNDA:219,(anonymous_9)
FNDA:0,(anonymous_10)
FNDA:1,(anonymous_11)
FNDA:0,(anonymous_12)
FNDA:1,(anonymous_13)
FNDA:0,(anonymous_14)
FNDA:1,(anonymous_15)
FNDA:0,(anonymous_16)
FNDA:0,(anonymous_17)
FNDA:0,(anonymous_18)
FNDA:0,(anonymous_19)
FNDA:0,(anonymous_20)
FNDA:0,(anonymous_21)
FNDA:0,(anonymous_22)
FNDA:1,(anonymous_23)
FNDA:0,(anonymous_24)
FNDA:1,(anonymous_25)
FNDA:0,(anonymous_26)
FNDA:1,(anonymous_27)
FNDA:0,(anonymous_28)
DA:5,1
DA:6,1
DA:7,0
DA:9,1
DA:11,1
DA:12,0
DA:13,0
DA:15,0
DA:17,1
DA:18,0
DA:19,0
DA:21,0
DA:23,1
DA:24,2
DA:25,0
DA:27,2
DA:28,1
DA:29,219
DA:30,219
DA:31,219
DA:32,0
DA:35,1
DA:36,1
DA:37,1
DA:38,219
DA:39,0
DA:42,1
DA:43,0
DA:44,0
DA:45,0
DA:46,0
DA:49,0
DA:51,0
DA:53,1
DA:54,1
DA:55,1
DA:56,0
DA:58,1
DA:60,1
DA:61,1
DA:62,1
DA:63,0
DA:65,1
DA:67,1
DA:68,1
DA:69,1
DA:70,0
DA:72,1
DA:74,1
DA:75,0
DA:76,0
DA:84,0
DA:85,0
DA:87,0
DA:89,1
DA:90,0
DA:91,0
DA:93,0
DA:95,1
DA:96,0
DA:97,0
DA:98,0
DA:99,0
DA:101,0
DA:103,1
DA:104,1
DA:105,0
DA:107,1
DA:109,1
DA:110,1
DA:111,0
DA:113,1
DA:115,1
DA:116,1
DA:117,0
DA:120,1
LF:76
LH:41
BRDA:7,0,0,0
BRDA:7,0,1,0
BRDA:13,1,0,0
BRDA:13,1,1,0
BRDA:19,2,0,0
BRDA:19,2,1,0
BRDA:25,3,0,0
BRDA:25,3,1,0
BRDA:27,4,0,1
BRDA:27,4,1,1
BRDA:31,5,0,0
BRDA:31,5,1,219
BRDA:31,6,0,219
BRDA:31,6,1,0
BRDA:36,7,0,1
BRDA:36,7,1,0
BRDA:38,8,0,0
BRDA:38,8,1,219
BRDA:38,9,0,219
BRDA:38,9,1,0
BRDA:43,10,0,0
BRDA:43,10,1,0
BRDA:45,11,0,0
BRDA:45,11,1,0
BRDA:45,12,0,0
BRDA:45,12,1,0
BRDA:56,13,0,0
BRDA:56,13,1,0
BRDA:63,14,0,0
BRDA:63,14,1,0
BRDA:70,15,0,0
BRDA:70,15,1,0
BRDA:85,16,0,0
BRDA:85,16,1,0
BRDA:91,17,0,0
BRDA:91,17,1,0
BRDA:99,18,0,0
BRDA:99,18,1,0
BRDA:105,19,0,0
BRDA:105,19,1,0
BRDA:111,20,0,0
BRDA:111,20,1,0
BRDA:117,21,0,0
BRDA:117,21,1,0
BRF:44
BRH:7
end_of_record
TN:
SF:wrapper\controllers\statistic-controlller.js
FN:3,(anonymous_0)
FN:5,(anonymous_1)
FN:14,(anonymous_2)
FN:18,(anonymous_3)
FN:20,(anonymous_4)
FN:37,(anonymous_5)
FN:40,(anonymous_6)
FNF:7
FNH:7
FNDA:1,(anonymous_0)
FNDA:219,(anonymous_1)
FNDA:19,(anonymous_2)
FNDA:1,(anonymous_3)
FNDA:219,(anonymous_4)
FNDA:26718,(anonymous_5)
FNDA:116,(anonymous_6)
DA:3,1
DA:4,1
DA:5,1
DA:6,219
DA:7,9
DA:11,219
DA:13,1
DA:14,19
DA:16,1
DA:18,1
DA:19,1
DA:20,1
DA:21,219
DA:22,208
DA:24,208
DA:25,208
DA:26,208
DA:27,208
DA:28,208
DA:29,208
DA:30,23
DA:36,208
DA:37,122
DA:38,26718
DA:40,122
DA:41,116
DA:43,122
DA:47,1
LF:28
LH:28
BRDA:6,0,0,9
BRDA:6,0,1,210
BRDA:21,1,0,208
BRDA:21,1,1,11
BRDA:29,2,0,23
BRDA:29,2,1,185
BRDA:36,3,0,122
BRDA:36,3,1,86
BRDA:38,4,0,26718
BRDA:38,4,1,25376
BRDA:38,4,2,3305
BRDA:38,4,3,1749
BRF:12
BRH:12
end_of_record
